Flutter crash report.
Please report a bug at https://github.com/flutter/flutter/issues.

## command

flutter run -d chrome

## exception

DartDevelopmentServiceException: DartDevelopmentServiceException: Failed to start Dart Development Service

```
```

## flutter doctor

```
[32m[✓][39m Flutter (Channel stable, 3.35.3, on Microsoft Windows [Version 10.0.22631.6199], locale en-US) [1,385ms]
    [32m•[39m Flutter version 3.35.3 on channel stable at E:\download\flutter_windows_3.35.2-stable\flutter
    [32m•[39m Upstream repository https://github.com/flutter/flutter.git
    [32m•[39m Framework revision a402d9a437 (5 months ago), 2025-09-03 14:54:31 -0700
    [32m•[39m Engine revision ddf47dd3ff
    [32m•[39m Dart version 3.9.2
    [32m•[39m DevTools version 2.48.0
    [32m•[39m Feature flags: enable-web, enable-linux-desktop, enable-macos-desktop, enable-windows-desktop, enable-android, enable-ios, cli-animations,
      enable-lldb-debugging

[32m[✓][39m Windows Version (11 Home Single Language 64-bit, 23H2, 2009) [5.1s]

[32m[✓][39m Android toolchain - develop for Android devices (Android SDK version 36.1.0-rc1) [7.4s]
    [32m•[39m Android SDK at C:\Users\ASUS\AppData\Local\Android\sdk
    [32m•[39m Emulator version 36.1.9.0 (build_id 13823996) (CL:N/A)
    [32m•[39m Platform android-36, build-tools 36.1.0-rc1
    [32m•[39m Java binary at: C:\Users\ASUS\Downloads\OpenJDK17U-jdk_x64_windows_hotspot_17.0.17_10\jdk-17.0.17+10\bin\java
      This JDK is specified in your Flutter configuration.
      To change the current JDK, run: `flutter config --jdk-dir="path/to/jdk"`.
    [32m•[39m Java version OpenJDK Runtime Environment Temurin-17.0.17+10 (build 17.0.17+10)
    [32m•[39m All Android licenses accepted.

[32m[✓][39m Chrome - develop for the web [595ms]
    [32m•[39m Chrome at C:\Users\ASUS\AppData\Local\Google\Chrome\Application\chrome.exe

[33m[!][39m Visual Studio - develop Windows apps (Visual Studio Community 2022 17.14.20) [593ms]
    [32m•[39m Visual Studio at C:\Program Files\Microsoft Visual Studio\2022\Community
    [32m•[39m Visual Studio Community 2022 version 17.14.36705.20
    [31m✗[39m Visual Studio is missing necessary components. Please re-run the Visual Studio installer for the "Desktop development with C++" workload, and include these
      components:
        MSVC v142 - VS 2019 C++ x64/x86 build tools
         - If there are multiple build tool versions available, install the latest
        C++ CMake tools for Windows
        Windows 10 SDK

[32m[✓][39m Android Studio (version 2025.1.3) [18ms]
    [32m•[39m Android Studio at C:\Program Files\Android\Android Studio1
    [32m•[39m Flutter plugin can be installed from:
      🔨 https://plugins.jetbrains.com/plugin/9212-flutter
    [32m•[39m Dart plugin can be installed from:
      🔨 https://plugins.jetbrains.com/plugin/6351-dart
    [32m•[39m Java version OpenJDK Runtime Environment (build 21.0.7+-13880790-b1038.58)

[32m[✓][39m IntelliJ IDEA Community Edition (version 2025.1) [13ms]
    [32m•[39m IntelliJ at C:\Users\ASUS\AppData\Local\JetBrains\IntelliJ IDEA Community Edition 2025.1
    [32m•[39m Flutter plugin can be installed from:
      🔨 https://plugins.jetbrains.com/plugin/9212-flutter
    [32m•[39m Dart plugin can be installed from:
      🔨 https://plugins.jetbrains.com/plugin/6351-dart

[32m[✓][39m VS Code (version 1.108.1) [11ms]
    [32m•[39m VS Code at C:\Users\ASUS\AppData\Local\Programs\Microsoft VS Code
    [32m•[39m Flutter extension version 3.126.0

[32m[✓][39m Connected device (5 available) [5.0s]
    [32m•[39m sdk gphone64 x86 64 (mobile) • emulator-5554 • android-x64    • Android 16 (API 36) (emulator)
    [32m•[39m sdk gphone64 x86 64 (mobile) • emulator-5556 • android-x64    • Android 16 (API 36) (emulator)
    [32m•[39m Windows (desktop)            • windows       • windows-x64    • Microsoft Windows [Version 10.0.22631.6199]
    [32m•[39m Chrome (web)                 • chrome        • web-javascript • Google Chrome 143.0.7499.193
    [32m•[39m Edge (web)                   • edge          • web-javascript • Microsoft Edge 144.0.3719.82

[32m[✓][39m Network resources [1,171ms]
    [32m•[39m All expected network resources are available.

[33m![39m Doctor found issues in 1 category.
```
